#
# There is insufficient memory for the Java Runtime Environment to continue.
# Native memory allocation (malloc) failed to allocate 1062896 bytes for Chunk::new
# Possible reasons:
#   The system is out of physical RAM or swap space
#   The process is running with CompressedOops enabled, and the Java Heap may be blocking the growth of the native heap
# Possible solutions:
#   Reduce memory load on the system
#   Increase physical memory or swap space
#   Check if swap backing store is full
#   Decrease Java heap size (-Xmx/-Xms)
#   Decrease number of Java threads
#   Decrease Java thread stack sizes (-Xss)
#   Set larger code cache with -XX:ReservedCodeCacheSize=
#   JVM is running with Unscaled Compressed Oops mode in which the Java heap is
#     placed in the first 4GB address space. The Java Heap base address is the
#     maximum limit for the native heap growth. Please use -XX:HeapBaseMinAddress
#     to set the Java Heap base and to place the Java Heap above 4GB virtual address.
# This output file may be truncated or incomplete.
#
#  Out of Memory Error (./src/hotspot/share/memory/arena.cpp:197), pid=26008, tid=22728
#
# JRE version: OpenJDK Runtime Environment (11.0.11+9) (build 11.0.11+9-b60-7590822)
# Java VM: OpenJDK 64-Bit Server VM (11.0.11+9-b60-7590822, mixed mode, tiered, compressed oops, g1 gc, windows-amd64)
# No core dump will be written. Minidumps are not enabled by default on client versions of Windows
#

---------------  S U M M A R Y ------------

Command Line: --add-opens=java.base/java.util=ALL-UNNAMED --add-opens=java.base/java.lang=ALL-UNNAMED --add-opens=java.base/java.lang.invoke=ALL-UNNAMED --add-opens=java.base/java.util=ALL-UNNAMED --add-opens=java.prefs/java.util.prefs=ALL-UNNAMED --add-opens=java.prefs/java.util.prefs=ALL-UNNAMED --add-opens=java.base/java.nio.charset=ALL-UNNAMED --add-opens=java.base/java.net=ALL-UNNAMED --add-opens=java.base/java.util.concurrent.atomic=ALL-UNNAMED -Xmx2048m -Dfile.encoding=UTF-8 -Duser.country=US -Duser.language=en -Duser.variant org.gradle.launcher.daemon.bootstrap.GradleDaemon 7.2

Host: Intel(R) Core(TM) i7-7500U CPU @ 2.70GHz, 4 cores, 15G,  Windows 10 , 64 bit Build 19041 (10.0.19041.1503)
Time: Mon Mar 21 15:03:33 2022 Pakistan Standard Time elapsed time: 23.635598 seconds (0d 0h 0m 23s)

---------------  T H R E A D  ---------------

Current thread (0x0000021e1ea82000):  JavaThread "C2 CompilerThread1" daemon [_thread_in_native, id=22728, stack(0x000000a1de900000,0x000000a1dea00000)]


Current CompileTask:
C2:  23635 3569       4       org.objectweb.asm.Frame::execute (2318 bytes)

Stack: [0x000000a1de900000,0x000000a1dea00000]
Native frames: (J=compiled Java code, j=interpreted, Vv=VM code, C=native code)
V  [jvm.dll+0x5f214a]
V  [jvm.dll+0x726fb5]
V  [jvm.dll+0x7285cd]
V  [jvm.dll+0x728c83]
V  [jvm.dll+0x243278]
V  [jvm.dll+0xbc53c]
V  [jvm.dll+0xbca3c]
V  [jvm.dll+0x353e3b]
V  [jvm.dll+0x19895c]
V  [jvm.dll+0x1fc2ee]
V  [jvm.dll+0x1fb3d4]
V  [jvm.dll+0x183d6c]
V  [jvm.dll+0x209a57]
V  [jvm.dll+0x2082a1]
V  [jvm.dll+0x6ef58f]
V  [jvm.dll+0x6e80b5]
V  [jvm.dll+0x5f1036]
C  [ucrtbase.dll+0x21bb2]
C  [KERNEL32.DLL+0x17034]
C  [ntdll.dll+0x52651]


---------------  P R O C E S S  ---------------

Threads class SMR info:
_java_thread_list=0x0000021e20fcc3f0, length=35, elements={
0x0000021e7cd4f800, 0x0000021e1a30a800, 0x0000021e1a30d800, 0x0000021e1ab8f000,
0x0000021e1ab92000, 0x0000021e1ab94000, 0x0000021e1ab97000, 0x0000021e1aba3800,
0x0000021e1aba7000, 0x0000021e1ad1e000, 0x0000021e1c402800, 0x0000021e1b3f7000,
0x0000021e1b333000, 0x0000021e1b5b0800, 0x0000021e1b080000, 0x0000021e1b81c000,
0x0000021e1bb44800, 0x0000021e1b232800, 0x0000021e1b310000, 0x0000021e1b200800,
0x0000021e1b201800, 0x0000021e1b1fc800, 0x0000021e1b1ff000, 0x0000021e1b1fd000,
0x0000021e1b1fe000, 0x0000021e1b202000, 0x0000021e1b1ff800, 0x0000021e1b203000,
0x0000021e1ba3b800, 0x0000021e1ba3e000, 0x0000021e1ea82000, 0x0000021e1ba3a800,
0x0000021e1ba3d000, 0x0000021e1ba39000, 0x0000021e1ba3e800
}

Java Threads: ( => current thread )
  0x0000021e7cd4f800 JavaThread "main" [_thread_blocked, id=21924, stack(0x000000a1dc100000,0x000000a1dc200000)]
  0x0000021e1a30a800 JavaThread "Reference Handler" daemon [_thread_blocked, id=20088, stack(0x000000a1dc800000,0x000000a1dc900000)]
  0x0000021e1a30d800 JavaThread "Finalizer" daemon [_thread_blocked, id=9500, stack(0x000000a1dc900000,0x000000a1dca00000)]
  0x0000021e1ab8f000 JavaThread "Signal Dispatcher" daemon [_thread_blocked, id=25620, stack(0x000000a1dca00000,0x000000a1dcb00000)]
  0x0000021e1ab92000 JavaThread "Attach Listener" daemon [_thread_blocked, id=11124, stack(0x000000a1dcb00000,0x000000a1dcc00000)]
  0x0000021e1ab94000 JavaThread "Service Thread" daemon [_thread_blocked, id=22436, stack(0x000000a1dcc00000,0x000000a1dcd00000)]
  0x0000021e1ab97000 JavaThread "C2 CompilerThread0" daemon [_thread_in_native, id=1352, stack(0x000000a1dcd00000,0x000000a1dce00000)]
  0x0000021e1aba3800 JavaThread "C1 CompilerThread0" daemon [_thread_blocked, id=22632, stack(0x000000a1dce00000,0x000000a1dcf00000)]
  0x0000021e1aba7000 JavaThread "Sweeper thread" daemon [_thread_blocked, id=20400, stack(0x000000a1dcf00000,0x000000a1dd000000)]
  0x0000021e1ad1e000 JavaThread "Common-Cleaner" daemon [_thread_blocked, id=20628, stack(0x000000a1dd000000,0x000000a1dd100000)]
  0x0000021e1c402800 JavaThread "Daemon health stats" [_thread_blocked, id=12800, stack(0x000000a1dd200000,0x000000a1dd300000)]
  0x0000021e1b3f7000 JavaThread "Incoming local TCP Connector on port 53495" [_thread_in_native, id=7520, stack(0x000000a1dd600000,0x000000a1dd700000)]
  0x0000021e1b333000 JavaThread "Daemon periodic checks" [_thread_blocked, id=21848, stack(0x000000a1dd700000,0x000000a1dd800000)]
  0x0000021e1b5b0800 JavaThread "Daemon" [_thread_blocked, id=22052, stack(0x000000a1dd800000,0x000000a1dd900000)]
  0x0000021e1b080000 JavaThread "Handler for socket connection from /127.0.0.1:53495 to /127.0.0.1:53496" [_thread_in_native, id=19576, stack(0x000000a1dd900000,0x000000a1dda00000)]
  0x0000021e1b81c000 JavaThread "Cancel handler" [_thread_blocked, id=10684, stack(0x000000a1dda00000,0x000000a1ddb00000)]
  0x0000021e1bb44800 JavaThread "Daemon worker" [_thread_blocked, id=19612, stack(0x000000a1ddb00000,0x000000a1ddc00000)]
  0x0000021e1b232800 JavaThread "Asynchronous log dispatcher for DefaultDaemonConnection: socket connection from /127.0.0.1:53495 to /127.0.0.1:53496" [_thread_blocked, id=4180, stack(0x000000a1ddc00000,0x000000a1ddd00000)]
  0x0000021e1b310000 JavaThread "Stdin handler" [_thread_blocked, id=23832, stack(0x000000a1ddd00000,0x000000a1dde00000)]
  0x0000021e1b200800 JavaThread "Daemon client event forwarder" [_thread_blocked, id=12456, stack(0x000000a1dde00000,0x000000a1ddf00000)]
  0x0000021e1b201800 JavaThread "Cache worker for journal cache (C:\Users\admin\.gradle\caches\journal-1)" [_thread_blocked, id=480, stack(0x000000a1ddf00000,0x000000a1de000000)]
  0x0000021e1b1fc800 JavaThread "File lock request listener" [_thread_in_native, id=19328, stack(0x000000a1de000000,0x000000a1de100000)]
  0x0000021e1b1ff000 JavaThread "Cache worker for file hash cache (C:\Users\admin\.gradle\caches\7.2\fileHashes)" [_thread_blocked, id=17536, stack(0x000000a1de100000,0x000000a1de200000)]
  0x0000021e1b1fd000 JavaThread "Cache worker for file hash cache (G:\MalickArsalan\Learning\Kotlin\AndroidApprentice\AdHocDirectory\SecondRoom\.gradle\7.2\fileHashes)" [_thread_blocked, id=8876, stack(0x000000a1de200000,0x000000a1de300000)]
  0x0000021e1b1fe000 JavaThread "File watcher server" daemon [_thread_in_native, id=20676, stack(0x000000a1de300000,0x000000a1de400000)]
  0x0000021e1b202000 JavaThread "File watcher consumer" daemon [_thread_blocked, id=14192, stack(0x000000a1de400000,0x000000a1de500000)]
  0x0000021e1b1ff800 JavaThread "Cache worker for checksums cache (G:\MalickArsalan\Learning\Kotlin\AndroidApprentice\AdHocDirectory\SecondRoom\.gradle\checksums)" [_thread_blocked, id=23288, stack(0x000000a1de500000,0x000000a1de600000)]
  0x0000021e1b203000 JavaThread "Cache worker for cache directory md-supplier (C:\Users\admin\.gradle\caches\7.2\md-supplier)" [_thread_blocked, id=21264, stack(0x000000a1de600000,0x000000a1de700000)]
  0x0000021e1ba3b800 JavaThread "Cache worker for cache directory md-rule (C:\Users\admin\.gradle\caches\7.2\md-rule)" [_thread_blocked, id=5296, stack(0x000000a1de700000,0x000000a1de800000)]
  0x0000021e1ba3e000 JavaThread "Cache worker for execution history cache (C:\Users\admin\.gradle\caches\7.2\executionHistory)" [_thread_blocked, id=25736, stack(0x000000a1de800000,0x000000a1de900000)]
=>0x0000021e1ea82000 JavaThread "C2 CompilerThread1" daemon [_thread_in_native, id=22728, stack(0x000000a1de900000,0x000000a1dea00000)]
  0x0000021e1ba3a800 JavaThread "jar transforms" [_thread_blocked, id=20656, stack(0x000000a1dea00000,0x000000a1deb00000)]
  0x0000021e1ba3d000 JavaThread "Cache worker for file content cache (C:\Users\admin\.gradle\caches\7.2\fileContent)" [_thread_blocked, id=11132, stack(0x000000a1deb00000,0x000000a1dec00000)]
  0x0000021e1ba39000 JavaThread "jar transforms Thread 2" [_thread_blocked, id=2100, stack(0x000000a1dec00000,0x000000a1ded00000)]
  0x0000021e1ba3e800 JavaThread "Cache worker for dependencies-accessors (G:\MalickArsalan\Learning\Kotlin\AndroidApprentice\AdHocDirectory\SecondRoom\.gradle\7.2\dependencies-accessors)" [_thread_blocked, id=23852, stack(0x000000a1ded00000,0x000000a1dee00000)]

Other Threads:
  0x0000021e1a308800 VMThread "VM Thread" [stack: 0x000000a1dc700000,0x000000a1dc800000] [id=23888]
  0x0000021e1ad52000 WatcherThread [stack: 0x000000a1dd100000,0x000000a1dd200000] [id=22800]
  0x0000021e7cd68800 GCTaskThread "GC Thread#0" [stack: 0x000000a1dc200000,0x000000a1dc300000] [id=18896]
  0x0000021e1ade6800 GCTaskThread "GC Thread#1" [stack: 0x000000a1dd300000,0x000000a1dd400000] [id=17992]
  0x0000021e1b8d0800 GCTaskThread "GC Thread#2" [stack: 0x000000a1dd400000,0x000000a1dd500000] [id=19892]
  0x0000021e1b8d1000 GCTaskThread "GC Thread#3" [stack: 0x000000a1dd500000,0x000000a1dd600000] [id=11816]
  0x0000021e7cd99800 ConcurrentGCThread "G1 Main Marker" [stack: 0x000000a1dc300000,0x000000a1dc400000] [id=11912]
  0x0000021e7cd9a800 ConcurrentGCThread "G1 Conc#0" [stack: 0x000000a1dc400000,0x000000a1dc500000] [id=22552]
  0x0000021e1a174800 ConcurrentGCThread "G1 Refine#0" [stack: 0x000000a1dc500000,0x000000a1dc600000] [id=22516]
  0x0000021e1a175000 ConcurrentGCThread "G1 Young RemSet Sampling" [stack: 0x000000a1dc600000,0x000000a1dc700000] [id=17972]

Threads with active compile tasks:
C2 CompilerThread0  23791 3595       4       groovy.lang.MetaClassImpl$1MOPIter::methodNameAction (325 bytes)
C2 CompilerThread1  23791 3569       4       org.objectweb.asm.Frame::execute (2318 bytes)

VM state:at safepoint (normal execution)

VM Mutex/Monitor currently owned by a thread:  ([mutex/lock_event])
[0x0000021e7cd4b7c0] Threads_lock - owner thread: 0x0000021e1a308800
[0x0000021e7cd4bf10] Heap_lock - owner thread: 0x0000021e1bb44800

Heap address: 0x0000000080000000, size: 2048 MB, Compressed Oops mode: 32-bit
Narrow klass base: 0x0000000000000000, Narrow klass shift: 3
Compressed class space size: 1073741824 Address: 0x0000000100000000

Heap:
 garbage-first heap   total 260096K, used 30761K [0x0000000080000000, 0x0000000100000000)
  region size 1024K, 15 young (15360K), 12 survivors (12288K)
 Metaspace       used 41017K, capacity 41989K, committed 42140K, reserved 1091584K
  class space    used 5258K, capacity 5615K, committed 5632K, reserved 1048576K
Heap Regions: E=young(eden), S=young(survivor), O=old, HS=humongous(starts), HC=humongous(continues), CS=collection set, F=free, A=archive, TAMS=top-at-mark-start (previous, next)
|   0|0x0000000080000000, 0x0000000080100000, 0x0000000080100000|100%| O|  |TAMS 0x0000000080100000, 0x0000000080100000| Untracked 
|   1|0x0000000080100000, 0x0000000080200000, 0x0000000080200000|100%| O|  |TAMS 0x0000000080200000, 0x0000000080200000| Untracked 
|   2|0x0000000080200000, 0x0000000080300000, 0x0000000080300000|100%| O|  |TAMS 0x0000000080300000, 0x0000000080300000| Untracked 
|   3|0x0000000080300000, 0x0000000080400000, 0x0000000080400000|100%|HS|  |TAMS 0x0000000080400000, 0x0000000080400000| Complete 
|   4|0x0000000080400000, 0x0000000080500000, 0x0000000080500000|100%|HC|  |TAMS 0x0000000080500000, 0x0000000080500000| Complete 
|   5|0x0000000080500000, 0x0000000080600000, 0x0000000080600000|100%|HC|  |TAMS 0x0000000080600000, 0x0000000080600000| Complete 
|   6|0x0000000080600000, 0x0000000080700000, 0x0000000080700000|100%| O|  |TAMS 0x0000000080700000, 0x0000000080700000| Untracked 
|   7|0x0000000080700000, 0x0000000080800000, 0x0000000080800000|100%| O|  |TAMS 0x0000000080800000, 0x0000000080800000| Untracked 
|   8|0x0000000080800000, 0x0000000080900000, 0x0000000080900000|100%| O|  |TAMS 0x0000000080900000, 0x0000000080900000| Untracked 
|   9|0x0000000080900000, 0x0000000080a00000, 0x0000000080a00000|100%| O|  |TAMS 0x0000000080a00000, 0x0000000080a00000| Untracked 
|  10|0x0000000080a00000, 0x0000000080b00000, 0x0000000080b00000|100%| O|  |TAMS 0x0000000080b00000, 0x0000000080b00000| Untracked 
|  11|0x0000000080b00000, 0x0000000080c00000, 0x0000000080c00000|100%| O|  |TAMS 0x0000000080c00000, 0x0000000080c00000| Untracked 
|  12|0x0000000080c00000, 0x0000000080d00000, 0x0000000080d00000|100%| O|  |TAMS 0x0000000080d00000, 0x0000000080d00000| Untracked 
|  13|0x0000000080d00000, 0x0000000080e00000, 0x0000000080e00000|100%| O|  |TAMS 0x0000000080e00000, 0x0000000080e00000| Untracked 
|  14|0x0000000080e00000, 0x0000000080f00000, 0x0000000080f00000|100%| O|  |TAMS 0x0000000080f00000, 0x0000000080f00000| Untracked 
|  15|0x0000000080f00000, 0x0000000081000000, 0x0000000081000000|100%| O|  |TAMS 0x0000000081000000, 0x0000000081000000| Untracked 
|  16|0x0000000081000000, 0x0000000081000000, 0x0000000081100000|  0%| F|  |TAMS 0x0000000081000000, 0x0000000081000000| Untracked 
|  17|0x0000000081100000, 0x0000000081100000, 0x0000000081200000|  0%| F|  |TAMS 0x0000000081100000, 0x0000000081100000| Untracked 
|  18|0x0000000081200000, 0x0000000081200000, 0x0000000081300000|  0%| F|  |TAMS 0x0000000081200000, 0x0000000081200000| Untracked 
|  19|0x0000000081300000, 0x0000000081394c00, 0x0000000081400000| 58%| O|  |TAMS 0x0000000081300000, 0x0000000081394c00| Untracked 
|  20|0x0000000081400000, 0x0000000081400000, 0x0000000081500000|  0%| F|  |TAMS 0x0000000081400000, 0x0000000081400000| Untracked 
|  21|0x0000000081500000, 0x0000000081500000, 0x0000000081600000|  0%| F|  |TAMS 0x0000000081500000, 0x0000000081500000| Untracked 
|  22|0x0000000081600000, 0x0000000081600000, 0x0000000081700000|  0%| F|  |TAMS 0x0000000081600000, 0x0000000081600000| Untracked 
|  23|0x0000000081700000, 0x0000000081700000, 0x0000000081800000|  0%| F|  |TAMS 0x0000000081700000, 0x0000000081700000| Untracked 
|  24|0x0000000081800000, 0x0000000081800000, 0x0000000081900000|  0%| F|  |TAMS 0x0000000081800000, 0x0000000081800000| Untracked 
|  25|0x0000000081900000, 0x0000000081900000, 0x0000000081a00000|  0%| F|  |TAMS 0x0000000081900000, 0x0000000081900000| Untracked 
|  26|0x0000000081a00000, 0x0000000081a00000, 0x0000000081b00000|  0%| F|  |TAMS 0x0000000081a00000, 0x0000000081a00000| Untracked 
|  27|0x0000000081b00000, 0x0000000081b00000, 0x0000000081c00000|  0%| F|  |TAMS 0x0000000081b00000, 0x0000000081b00000| Untracked 
|  28|0x0000000081c00000, 0x0000000081c00000, 0x0000000081d00000|  0%| F|  |TAMS 0x0000000081c00000, 0x0000000081c00000| Untracked 
|  29|0x0000000081d00000, 0x0000000081d00000, 0x0000000081e00000|  0%| F|  |TAMS 0x0000000081d00000, 0x0000000081d00000| Untracked 
|  30|0x0000000081e00000, 0x0000000081e00000, 0x0000000081f00000|  0%| F|  |TAMS 0x0000000081e00000, 0x0000000081e00000| Untracked 
|  31|0x0000000081f00000, 0x0000000081f00000, 0x0000000082000000|  0%| F|  |TAMS 0x0000000081f00000, 0x0000000081f00000| Untracked 
|  32|0x0000000082000000, 0x0000000082000000, 0x0000000082100000|  0%| F|  |TAMS 0x0000000082000000, 0x0000000082000000| Untracked 
|  33|0x0000000082100000, 0x0000000082100000, 0x0000000082200000|  0%| F|  |TAMS 0x0000000082100000, 0x0000000082100000| Untracked 
|  34|0x0000000082200000, 0x0000000082200000, 0x0000000082300000|  0%| F|  |TAMS 0x0000000082200000, 0x0000000082200000| Untracked 
|  35|0x0000000082300000, 0x0000000082300000, 0x0000000082400000|  0%| F|  |TAMS 0x0000000082300000, 0x0000000082300000| Untracked 
|  36|0x0000000082400000, 0x0000000082400000, 0x0000000082500000|  0%| F|  |TAMS 0x0000000082400000, 0x0000000082400000| Untracked 
|  37|0x0000000082500000, 0x0000000082500000, 0x0000000082600000|  0%| F|  |TAMS 0x0000000082500000, 0x0000000082500000| Untracked 
|  38|0x0000000082600000, 0x0000000082600000, 0x0000000082700000|  0%| F|  |TAMS 0x0000000082600000, 0x0000000082600000| Untracked 
|  39|0x0000000082700000, 0x0000000082700000, 0x0000000082800000|  0%| F|  |TAMS 0x0000000082700000, 0x0000000082700000| Untracked 
|  40|0x0000000082800000, 0x0000000082800000, 0x0000000082900000|  0%| F|  |TAMS 0x0000000082800000, 0x0000000082800000| Untracked 
|  41|0x0000000082900000, 0x0000000082900000, 0x0000000082a00000|  0%| F|  |TAMS 0x0000000082900000, 0x0000000082900000| Untracked 
|  42|0x0000000082a00000, 0x0000000082a00000, 0x0000000082b00000|  0%| F|  |TAMS 0x0000000082a00000, 0x0000000082a00000| Untracked 
|  43|0x0000000082b00000, 0x0000000082b00000, 0x0000000082c00000|  0%| F|  |TAMS 0x0000000082b00000, 0x0000000082b00000| Untracked 
|  44|0x0000000082c00000, 0x0000000082c00000, 0x0000000082d00000|  0%| F|  |TAMS 0x0000000082c00000, 0x0000000082c00000| Untracked 
|  45|0x0000000082d00000, 0x0000000082d00000, 0x0000000082e00000|  0%| F|  |TAMS 0x0000000082d00000, 0x0000000082d00000| Untracked 
|  46|0x0000000082e00000, 0x0000000082e00000, 0x0000000082f00000|  0%| F|  |TAMS 0x0000000082e00000, 0x0000000082e00000| Untracked 
|  47|0x0000000082f00000, 0x0000000082f00000, 0x0000000083000000|  0%| F|  |TAMS 0x0000000082f00000, 0x0000000082f00000| Untracked 
|  48|0x0000000083000000, 0x0000000083000000, 0x0000000083100000|  0%| F|  |TAMS 0x0000000083000000, 0x0000000083000000| Untracked 
|  49|0x0000000083100000, 0x0000000083100000, 0x0000000083200000|  0%| F|  |TAMS 0x0000000083100000, 0x0000000083100000| Untracked 
|  50|0x0000000083200000, 0x0000000083200000, 0x0000000083300000|  0%| F|  |TAMS 0x0000000083200000, 0x0000000083200000| Untracked 
|  51|0x0000000083300000, 0x0000000083300000, 0x0000000083400000|  0%| F|  |TAMS 0x0000000083300000, 0x0000000083300000| Untracked 
|  52|0x0000000083400000, 0x0000000083400000, 0x0000000083500000|  0%| F|  |TAMS 0x0000000083400000, 0x0000000083400000| Untracked 
|  53|0x0000000083500000, 0x0000000083500000, 0x0000000083600000|  0%| F|  |TAMS 0x0000000083500000, 0x0000000083500000| Untracked 
|  54|0x0000000083600000, 0x0000000083600000, 0x0000000083700000|  0%| F|  |TAMS 0x0000000083600000, 0x0000000083600000| Untracked 
|  55|0x0000000083700000, 0x0000000083700000, 0x0000000083800000|  0%| F|  |TAMS 0x0000000083700000, 0x0000000083700000| Untracked 
|  56|0x0000000083800000, 0x0000000083800000, 0x0000000083900000|  0%| F|  |TAMS 0x0000000083800000, 0x0000000083800000| Untracked 
|  57|0x0000000083900000, 0x0000000083900000, 0x0000000083a00000|  0%| F|  |TAMS 0x0000000083900000, 0x0000000083900000| Untracked 
|  58|0x0000000083a00000, 0x0000000083a00000, 0x0000000083b00000|  0%| F|  |TAMS 0x0000000083a00000, 0x0000000083a00000| Untracked 
|  59|0x0000000083b00000, 0x0000000083b00000, 0x0000000083c00000|  0%| F|  |TAMS 0x0000000083b00000, 0x0000000083b00000| Untracked 
|  60|0x0000000083c00000, 0x0000000083c00000, 0x0000000083d00000|  0%| F|  |TAMS 0x0000000083c00000, 0x0000000083c00000| Untracked 
|  61|0x0000000083d00000, 0x0000000083d00000, 0x0000000083e00000|  0%| F|  |TAMS 0x0000000083d00000, 0x0000000083d00000| Untracked 
|  62|0x0000000083e00000, 0x0000000083e00000, 0x0000000083f00000|  0%| F|  |TAMS 0x0000000083e00000, 0x0000000083e00000| Untracked 
|  63|0x0000000083f00000, 0x0000000083f00000, 0x0000000084000000|  0%| F|  |TAMS 0x0000000083f00000, 0x0000000083f00000| Untracked 
|  64|0x0000000084000000, 0x0000000084000000, 0x0000000084100000|  0%| F|  |TAMS 0x0000000084000000, 0x0000000084000000| Untracked 
|  65|0x0000000084100000, 0x0000000084100000, 0x0000000084200000|  0%| F|  |TAMS 0x0000000084100000, 0x0000000084100000| Untracked 
|  66|0x0000000084200000, 0x0000000084200000, 0x0000000084300000|  0%| F|  |TAMS 0x0000000084200000, 0x0000000084200000| Untracked 
|  67|0x0000000084300000, 0x0000000084300000, 0x0000000084400000|  0%| F|  |TAMS 0x0000000084300000, 0x0000000084300000| Untracked 
|  68|0x0000000084400000, 0x0000000084400000, 0x0000000084500000|  0%| F|  |TAMS 0x0000000084400000, 0x0000000084400000| Untracked 
|  69|0x0000000084500000, 0x0000000084500000, 0x0000000084600000|  0%| F|  |TAMS 0x0000000084500000, 0x0000000084500000| Untracked 
|  70|0x0000000084600000, 0x0000000084600000, 0x0000000084700000|  0%| F|  |TAMS 0x0000000084600000, 0x0000000084600000| Untracked 
|  71|0x0000000084700000, 0x0000000084700000, 0x0000000084800000|  0%| F|  |TAMS 0x0000000084700000, 0x0000000084700000| Untracked 
|  72|0x0000000084800000, 0x0000000084800000, 0x0000000084900000|  0%| F|  |TAMS 0x0000000084800000, 0x0000000084800000| Untracked 
|  73|0x0000000084900000, 0x0000000084900000, 0x0000000084a00000|  0%| F|  |TAMS 0x0000000084900000, 0x0000000084900000| Untracked 
|  74|0x0000000084a00000, 0x0000000084a00000, 0x0000000084b00000|  0%| F|  |TAMS 0x0000000084a00000, 0x0000000084a00000| Untracked 
|  75|0x0000000084b00000, 0x0000000084b00000, 0x0000000084c00000|  0%| F|  |TAMS 0x0000000084b00000, 0x0000000084b00000| Untracked 
|  76|0x0000000084c00000, 0x0000000084c00000, 0x0000000084d00000|  0%| F|  |TAMS 0x0000000084c00000, 0x0000000084c00000| Untracked 
|  77|0x0000000084d00000, 0x0000000084d00000, 0x0000000084e00000|  0%| F|  |TAMS 0x0000000084d00000, 0x0000000084d00000| Untracked 
|  78|0x0000000084e00000, 0x0000000084e00000, 0x0000000084f00000|  0%| F|  |TAMS 0x0000000084e00000, 0x0000000084e00000| Untracked 
|  79|0x0000000084f00000, 0x0000000084f00000, 0x0000000085000000|  0%| F|  |TAMS 0x0000000084f00000, 0x0000000084f00000| Untracked 
|  80|0x0000000085000000, 0x0000000085000000, 0x0000000085100000|  0%| F|  |TAMS 0x0000000085000000, 0x0000000085000000| Untracked 
|  81|0x0000000085100000, 0x0000000085100000, 0x0000000085200000|  0%| F|  |TAMS 0x0000000085100000, 0x0000000085100000| Untracked 
|  82|0x0000000085200000, 0x0000000085200000, 0x0000000085300000|  0%| F|  |TAMS 0x0000000085200000, 0x0000000085200000| Untracked 
|  83|0x0000000085300000, 0x0000000085300000, 0x0000000085400000|  0%| F|  |TAMS 0x0000000085300000, 0x0000000085300000| Untracked 
|  84|0x0000000085400000, 0x0000000085400000, 0x0000000085500000|  0%| F|  |TAMS 0x0000000085400000, 0x0000000085400000| Untracked 
|  85|0x0000000085500000, 0x0000000085500000, 0x0000000085600000|  0%| F|  |TAMS 0x0000000085500000, 0x0000000085500000| Untracked 
|  86|0x0000000085600000, 0x0000000085600000, 0x0000000085700000|  0%| F|  |TAMS 0x0000000085600000, 0x0000000085600000| Untracked 
|  87|0x0000000085700000, 0x0000000085700000, 0x0000000085800000|  0%| F|  |TAMS 0x0000000085700000, 0x0000000085700000| Untracked 
|  88|0x0000000085800000, 0x0000000085800000, 0x0000000085900000|  0%| F|  |TAMS 0x0000000085800000, 0x0000000085800000| Untracked 
|  89|0x0000000085900000, 0x0000000085900000, 0x0000000085a00000|  0%| F|  |TAMS 0x0000000085900000, 0x0000000085900000| Untracked 
|  90|0x0000000085a00000, 0x0000000085a00000, 0x0000000085b00000|  0%| F|  |TAMS 0x0000000085a00000, 0x0000000085a00000| Untracked 
|  91|0x0000000085b00000, 0x0000000085b00000, 0x0000000085c00000|  0%| F|  |TAMS 0x0000000085b00000, 0x0000000085b00000| Untracked 
|  92|0x0000000085c00000, 0x0000000085c00000, 0x0000000085d00000|  0%| F|  |TAMS 0x0000000085c00000, 0x0000000085c00000| Untracked 
|  93|0x0000000085d00000, 0x0000000085d00000, 0x0000000085e00000|  0%| F|  |TAMS 0x0000000085d00000, 0x0000000085d00000| Untracked 
|  94|0x0000000085e00000, 0x0000000085e00000, 0x0000000085f00000|  0%| F|  |TAMS 0x0000000085e00000, 0x0000000085e00000| Untracked 
|  95|0x0000000085f00000, 0x0000000085f00000, 0x0000000086000000|  0%| F|  |TAMS 0x0000000085f00000, 0x0000000085f00000| Untracked 
|  96|0x0000000086000000, 0x0000000086000000, 0x0000000086100000|  0%| F|  |TAMS 0x0000000086000000, 0x0000000086000000| Untracked 
|  97|0x0000000086100000, 0x0000000086100000, 0x0000000086200000|  0%| F|  |TAMS 0x0000000086100000, 0x0000000086100000| Untracked 
|  98|0x0000000086200000, 0x0000000086200000, 0x0000000086300000|  0%| F|  |TAMS 0x0000000086200000, 0x0000000086200000| Untracked 
|  99|0x0000000086300000, 0x0000000086300000, 0x0000000086400000|  0%| F|  |TAMS 0x0000000086300000, 0x0000000086300000| Untracked 
| 100|0x0000000086400000, 0x0000000086400000, 0x0000000086500000|  0%| F|  |TAMS 0x0000000086400000, 0x0000000086400000| Untracked 
| 101|0x0000000086500000, 0x0000000086500000, 0x0000000086600000|  0%| F|  |TAMS 0x0000000086500000, 0x0000000086500000| Untracked 
| 102|0x0000000086600000, 0x0000000086600000, 0x0000000086700000|  0%| F|  |TAMS 0x0000000086600000, 0x0000000086600000| Untracked 
| 103|0x0000000086700000, 0x0000000086700000, 0x0000000086800000|  0%| F|  |TAMS 0x0000000086700000, 0x0000000086700000| Untracked 
| 104|0x0000000086800000, 0x0000000086800000, 0x0000000086900000|  0%| F|  |TAMS 0x0000000086800000, 0x0000000086800000| Untracked 
| 105|0x0000000086900000, 0x0000000086900000, 0x0000000086a00000|  0%| F|  |TAMS 0x0000000086900000, 0x0000000086900000| Untracked 
| 106|0x0000000086a00000, 0x0000000086a00000, 0x0000000086b00000|  0%| F|  |TAMS 0x0000000086a00000, 0x0000000086a00000| Untracked 
| 107|0x0000000086b00000, 0x0000000086b00000, 0x0000000086c00000|  0%| F|  |TAMS 0x0000000086b00000, 0x0000000086b00000| Untracked 
| 108|0x0000000086c00000, 0x0000000086c00000, 0x0000000086d00000|  0%| F|  |TAMS 0x0000000086c00000, 0x0000000086c00000| Untracked 
| 109|0x0000000086d00000, 0x0000000086d00000, 0x0000000086e00000|  0%| F|  |TAMS 0x0000000086d00000, 0x0000000086d00000| Untracked 
| 110|0x0000000086e00000, 0x0000000086e00000, 0x0000000086f00000|  0%| F|  |TAMS 0x0000000086e00000, 0x0000000086e00000| Untracked 
| 111|0x0000000086f00000, 0x0000000086f00000, 0x0000000087000000|  0%| F|  |TAMS 0x0000000086f00000, 0x0000000086f00000| Untracked 
| 112|0x0000000087000000, 0x0000000087000000, 0x0000000087100000|  0%| F|  |TAMS 0x0000000087000000, 0x0000000087000000| Untracked 
| 113|0x0000000087100000, 0x0000000087100000, 0x0000000087200000|  0%| F|  |TAMS 0x0000000087100000, 0x0000000087100000| Untracked 
| 114|0x0000000087200000, 0x0000000087200000, 0x0000000087300000|  0%| F|  |TAMS 0x0000000087200000, 0x0000000087200000| Untracked 
| 115|0x0000000087300000, 0x0000000087300000, 0x0000000087400000|  0%| F|  |TAMS 0x0000000087300000, 0x0000000087300000| Untracked 
| 116|0x0000000087400000, 0x0000000087400000, 0x0000000087500000|  0%| F|  |TAMS 0x0000000087400000, 0x0000000087400000| Untracked 
| 117|0x0000000087500000, 0x0000000087500000, 0x0000000087600000|  0%| F|  |TAMS 0x0000000087500000, 0x0000000087500000| Untracked 
| 118|0x0000000087600000, 0x0000000087600000, 0x0000000087700000|  0%| F|  |TAMS 0x0000000087600000, 0x0000000087600000| Untracked 
| 119|0x0000000087700000, 0x0000000087700000, 0x0000000087800000|  0%| F|  |TAMS 0x0000000087700000, 0x0000000087700000| Untracked 
| 120|0x0000000087800000, 0x0000000087800000, 0x0000000087900000|  0%| F|  |TAMS 0x0000000087800000, 0x0000000087800000| Untracked 
| 121|0x0000000087900000, 0x0000000087900000, 0x0000000087a00000|  0%| F|  |TAMS 0x0000000087900000, 0x0000000087900000| Untracked 
| 122|0x0000000087a00000, 0x0000000087a00000, 0x0000000087b00000|  0%| F|  |TAMS 0x0000000087a00000, 0x0000000087a00000| Untracked 
| 123|0x0000000087b00000, 0x0000000087b00000, 0x0000000087c00000|  0%| F|  |TAMS 0x0000000087b00000, 0x0000000087b00000| Untracked 
| 124|0x0000000087c00000, 0x0000000087c00000, 0x0000000087d00000|  0%| F|  |TAMS 0x0000000087c00000, 0x0000000087c00000| Untracked 
| 125|0x0000000087d00000, 0x0000000087d00000, 0x0000000087e00000|  0%| F|  |TAMS 0x0000000087d00000, 0x0000000087d00000| Untracked 
| 126|0x0000000087e00000, 0x0000000087e00000, 0x0000000087f00000|  0%| F|  |TAMS 0x0000000087e00000, 0x0000000087e00000| Untracked 
| 127|0x0000000087f00000, 0x0000000087f00000, 0x0000000088000000|  0%| F|  |TAMS 0x0000000087f00000, 0x0000000087f00000| Untracked 
| 128|0x0000000088000000, 0x0000000088000000, 0x0000000088100000|  0%| F|  |TAMS 0x0000000088000000, 0x0000000088000000| Untracked 
| 129|0x0000000088100000, 0x0000000088100000, 0x0000000088200000|  0%| F|  |TAMS 0x0000000088100000, 0x0000000088100000| Untracked 
| 130|0x0000000088200000, 0x0000000088200000, 0x0000000088300000|  0%| F|  |TAMS 0x0000000088200000, 0x0000000088200000| Untracked 
| 131|0x0000000088300000, 0x0000000088300000, 0x0000000088400000|  0%| F|  |TAMS 0x0000000088300000, 0x0000000088300000| Untracked 
| 132|0x0000000088400000, 0x0000000088400000, 0x0000000088500000|  0%| F|  |TAMS 0x0000000088400000, 0x0000000088400000| Untracked 
| 133|0x0000000088500000, 0x0000000088500000, 0x0000000088600000|  0%| F|  |TAMS 0x0000000088500000, 0x0000000088500000| Untracked 
| 134|0x0000000088600000, 0x0000000088600000, 0x0000000088700000|  0%| F|  |TAMS 0x0000000088600000, 0x0000000088600000| Untracked 
| 135|0x0000000088700000, 0x0000000088700000, 0x0000000088800000|  0%| F|  |TAMS 0x0000000088700000, 0x0000000088700000| Untracked 
| 136|0x0000000088800000, 0x0000000088800000, 0x0000000088900000|  0%| F|  |TAMS 0x0000000088800000, 0x0000000088800000| Untracked 
| 137|0x0000000088900000, 0x0000000088900000, 0x0000000088a00000|  0%| F|  |TAMS 0x0000000088900000, 0x0000000088900000| Untracked 
| 138|0x0000000088a00000, 0x0000000088a00000, 0x0000000088b00000|  0%| F|  |TAMS 0x0000000088a00000, 0x0000000088a00000| Untracked 
| 139|0x0000000088b00000, 0x0000000088b00000, 0x0000000088c00000|  0%| F|  |TAMS 0x0000000088b00000, 0x0000000088b00000| Untracked 
| 140|0x0000000088c00000, 0x0000000088c00000, 0x0000000088d00000|  0%| F|  |TAMS 0x0000000088c00000, 0x0000000088c00000| Untracked 
| 141|0x0000000088d00000, 0x0000000088d00000, 0x0000000088e00000|  0%| F|  |TAMS 0x0000000088d00000, 0x0000000088d00000| Untracked 
| 142|0x0000000088e00000, 0x0000000088e00000, 0x0000000088f00000|  0%| F|  |TAMS 0x0000000088e00000, 0x0000000088e00000| Untracked 
| 143|0x0000000088f00000, 0x0000000088f00000, 0x0000000089000000|  0%| F|  |TAMS 0x0000000088f00000, 0x0000000088f00000| Untracked 
| 144|0x0000000089000000, 0x0000000089000000, 0x0000000089100000|  0%| F|  |TAMS 0x0000000089000000, 0x0000000089000000| Untracked 
| 145|0x0000000089100000, 0x0000000089100000, 0x0000000089200000|  0%| F|  |TAMS 0x0000000089100000, 0x0000000089100000| Untracked 
| 146|0x0000000089200000, 0x0000000089200000, 0x0000000089300000|  0%| F|  |TAMS 0x0000000089200000, 0x0000000089200000| Untracked 
| 147|0x0000000089300000, 0x0000000089300000, 0x0000000089400000|  0%| F|  |TAMS 0x0000000089300000, 0x0000000089300000| Untracked 
| 148|0x0000000089400000, 0x0000000089400000, 0x0000000089500000|  0%| F|  |TAMS 0x0000000089400000, 0x0000000089400000| Untracked 
| 149|0x0000000089500000, 0x0000000089500000, 0x0000000089600000|  0%| F|  |TAMS 0x0000000089500000, 0x0000000089500000| Untracked 
| 150|0x0000000089600000, 0x0000000089600000, 0x0000000089700000|  0%| F|  |TAMS 0x0000000089600000, 0x0000000089600000| Untracked 
| 151|0x0000000089700000, 0x0000000089700000, 0x0000000089800000|  0%| F|  |TAMS 0x0000000089700000, 0x0000000089700000| Untracked 
| 152|0x0000000089800000, 0x0000000089800000, 0x0000000089900000|  0%| F|  |TAMS 0x0000000089800000, 0x0000000089800000| Untracked 
| 153|0x0000000089900000, 0x0000000089900000, 0x0000000089a00000|  0%| F|  |TAMS 0x0000000089900000, 0x0000000089900000| Untracked 
| 154|0x0000000089a00000, 0x0000000089a00000, 0x0000000089b00000|  0%| F|  |TAMS 0x0000000089a00000, 0x0000000089a00000| Untracked 
| 155|0x0000000089b00000, 0x0000000089b00000, 0x0000000089c00000|  0%| F|  |TAMS 0x0000000089b00000, 0x0000000089b00000| Untracked 
| 156|0x0000000089c00000, 0x0000000089c00000, 0x0000000089d00000|  0%| F|  |TAMS 0x0000000089c00000, 0x0000000089c00000| Untracked 
| 157|0x0000000089d00000, 0x0000000089d00000, 0x0000000089e00000|  0%| F|  |TAMS 0x0000000089d00000, 0x0000000089d00000| Untracked 
| 158|0x0000000089e00000, 0x0000000089e00000, 0x0000000089f00000|  0%| F|  |TAMS 0x0000000089e00000, 0x0000000089e00000| Untracked 
| 159|0x0000000089f00000, 0x0000000089f00000, 0x000000008a000000|  0%| F|  |TAMS 0x0000000089f00000, 0x0000000089f00000| Untracked 
| 160|0x000000008a000000, 0x000000008a000000, 0x000000008a100000|  0%| F|  |TAMS 0x000000008a000000, 0x000000008a000000| Untracked 
| 161|0x000000008a100000, 0x000000008a175ae8, 0x000000008a200000| 45%| S|CS|TAMS 0x000000008a100000, 0x000000008a100000| Complete 
| 162|0x000000008a200000, 0x000000008a300000, 0x000000008a300000|100%| S|CS|TAMS 0x000000008a200000, 0x000000008a200000| Complete 
| 163|0x000000008a300000, 0x000000008a400000, 0x000000008a400000|100%| S|CS|TAMS 0x000000008a300000, 0x000000008a300000| Complete 
| 164|0x000000008a400000, 0x000000008a500000, 0x000000008a500000|100%| S|CS|TAMS 0x000000008a400000, 0x000000008a400000| Complete 
| 165|0x000000008a500000, 0x000000008a600000, 0x000000008a600000|100%| S|CS|TAMS 0x000000008a500000, 0x000000008a500000| Complete 
| 166|0x000000008a600000, 0x000000008a700000, 0x000000008a700000|100%| S|CS|TAMS 0x000000008a600000, 0x000000008a600000| Complete 
| 167|0x000000008a700000, 0x000000008a800000, 0x000000008a800000|100%| S|CS|TAMS 0x000000008a700000, 0x000000008a700000| Complete 
| 168|0x000000008a800000, 0x000000008a900000, 0x000000008a900000|100%| S|CS|TAMS 0x000000008a800000, 0x000000008a800000| Complete 
| 169|0x000000008a900000, 0x000000008aa00000, 0x000000008aa00000|100%| S|CS|TAMS 0x000000008a900000, 0x000000008a900000| Complete 
| 170|0x000000008aa00000, 0x000000008ab00000, 0x000000008ab00000|100%| S|CS|TAMS 0x000000008aa00000, 0x000000008aa00000| Complete 
| 171|0x000000008ab00000, 0x000000008ac00000, 0x000000008ac00000|100%| S|CS|TAMS 0x000000008ab00000, 0x000000008ab00000| Complete 
| 172|0x000000008ac00000, 0x000000008ad00000, 0x000000008ad00000|100%| S|CS|TAMS 0x000000008ac00000, 0x000000008ac00000| Complete 
| 173|0x000000008ad00000, 0x000000008ad00000, 0x000000008ae00000|  0%| F|  |TAMS 0x000000008ad00000, 0x000000008ad00000| Untracked 
| 174|0x000000008ae00000, 0x000000008ae00000, 0x000000008af00000|  0%| F|  |TAMS 0x000000008ae00000, 0x000000008ae00000| Untracked 
| 175|0x000000008af00000, 0x000000008af00000, 0x000000008b000000|  0%| F|  |TAMS 0x000000008af00000, 0x000000008af00000| Untracked 
| 176|0x000000008b000000, 0x000000008b000000, 0x000000008b100000|  0%| F|  |TAMS 0x000000008b000000, 0x000000008b000000| Untracked 
| 177|0x000000008b100000, 0x000000008b100000, 0x000000008b200000|  0%| F|  |TAMS 0x000000008b100000, 0x000000008b100000| Untracked 
| 178|0x000000008b200000, 0x000000008b200000, 0x000000008b300000|  0%| F|  |TAMS 0x000000008b200000, 0x000000008b200000| Untracked 
| 179|0x000000008b300000, 0x000000008b300000, 0x000000008b400000|  0%| F|  |TAMS 0x000000008b300000, 0x000000008b300000| Untracked 
| 180|0x000000008b400000, 0x000000008b400000, 0x000000008b500000|  0%| F|  |TAMS 0x000000008b400000, 0x000000008b400000| Untracked 
| 181|0x000000008b500000, 0x000000008b500000, 0x000000008b600000|  0%| F|  |TAMS 0x000000008b500000, 0x000000008b500000| Untracked 
| 182|0x000000008b600000, 0x000000008b600000, 0x000000008b700000|  0%| F|  |TAMS 0x000000008b600000, 0x000000008b600000| Untracked 
| 183|0x000000008b700000, 0x000000008b700000, 0x000000008b800000|  0%| F|  |TAMS 0x000000008b700000, 0x000000008b700000| Untracked 
| 184|0x000000008b800000, 0x000000008b800000, 0x000000008b900000|  0%| F|  |TAMS 0x000000008b800000, 0x000000008b800000| Untracked 
| 185|0x000000008b900000, 0x000000008b900000, 0x000000008ba00000|  0%| F|  |TAMS 0x000000008b900000, 0x000000008b900000| Untracked 
| 186|0x000000008ba00000, 0x000000008ba00000, 0x000000008bb00000|  0%| F|  |TAMS 0x000000008ba00000, 0x000000008ba00000| Untracked 
| 187|0x000000008bb00000, 0x000000008bb00000, 0x000000008bc00000|  0%| F|  |TAMS 0x000000008bb00000, 0x000000008bb00000| Untracked 
| 188|0x000000008bc00000, 0x000000008bc00000, 0x000000008bd00000|  0%| F|  |TAMS 0x000000008bc00000, 0x000000008bc00000| Untracked 
| 189|0x000000008bd00000, 0x000000008bd00000, 0x000000008be00000|  0%| F|  |TAMS 0x000000008bd00000, 0x000000008bd00000| Untracked 
| 190|0x000000008be00000, 0x000000008be00000, 0x000000008bf00000|  0%| F|  |TAMS 0x000000008be00000, 0x000000008be00000| Untracked 
| 191|0x000000008bf00000, 0x000000008bf00000, 0x000000008c000000|  0%| F|  |TAMS 0x000000008bf00000, 0x000000008bf00000| Untracked 
| 192|0x000000008c000000, 0x000000008c000000, 0x000000008c100000|  0%| F|  |TAMS 0x000000008c000000, 0x000000008c000000| Untracked 
| 193|0x000000008c100000, 0x000000008c100000, 0x000000008c200000|  0%| F|  |TAMS 0x000000008c100000, 0x000000008c100000| Untracked 
| 194|0x000000008c200000, 0x000000008c200000, 0x000000008c300000|  0%| F|  |TAMS 0x000000008c200000, 0x000000008c200000| Untracked 
| 195|0x000000008c300000, 0x000000008c300000, 0x000000008c400000|  0%| F|  |TAMS 0x000000008c300000, 0x000000008c300000| Untracked 
| 196|0x000000008c400000, 0x000000008c400000, 0x000000008c500000|  0%| F|  |TAMS 0x000000008c400000, 0x000000008c400000| Untracked 
| 197|0x000000008c500000, 0x000000008c500000, 0x000000008c600000|  0%| F|  |TAMS 0x000000008c500000, 0x000000008c500000| Untracked 
| 198|0x000000008c600000, 0x000000008c600000, 0x000000008c700000|  0%| F|  |TAMS 0x000000008c600000, 0x000000008c600000| Untracked 
| 199|0x000000008c700000, 0x000000008c700000, 0x000000008c800000|  0%| F|  |TAMS 0x000000008c700000, 0x000000008c700000| Untracked 
| 200|0x000000008c800000, 0x000000008c800000, 0x000000008c900000|  0%| F|  |TAMS 0x000000008c800000, 0x000000008c800000| Untracked 
| 201|0x000000008c900000, 0x000000008c900000, 0x000000008ca00000|  0%| F|  |TAMS 0x000000008c900000, 0x000000008c900000| Untracked 
| 202|0x000000008ca00000, 0x000000008ca00000, 0x000000008cb00000|  0%| F|  |TAMS 0x000000008ca00000, 0x000000008ca00000| Untracked 
| 203|0x000000008cb00000, 0x000000008cb00000, 0x000000008cc00000|  0%| F|  |TAMS 0x000000008cb00000, 0x000000008cb00000| Untracked 
| 204|0x000000008cc00000, 0x000000008cc00000, 0x000000008cd00000|  0%| F|  |TAMS 0x000000008cc00000, 0x000000008cc00000| Untracked 
| 205|0x000000008cd00000, 0x000000008cd00000, 0x000000008ce00000|  0%| F|  |TAMS 0x000000008cd00000, 0x000000008cd00000| Untracked 
| 206|0x000000008ce00000, 0x000000008ce00000, 0x000000008cf00000|  0%| F|  |TAMS 0x000000008ce00000, 0x000000008ce00000| Untracked 
| 207|0x000000008cf00000, 0x000000008cf00000, 0x000000008d000000|  0%| F|  |TAMS 0x000000008cf00000, 0x000000008cf00000| Untracked 
| 208|0x000000008d000000, 0x000000008d000000, 0x000000008d100000|  0%| F|  |TAMS 0x000000008d000000, 0x000000008d000000| Untracked 
| 209|0x000000008d100000, 0x000000008d100000, 0x000000008d200000|  0%| F|  |TAMS 0x000000008d100000, 0x000000008d100000| Untracked 
| 210|0x000000008d200000, 0x000000008d200000, 0x000000008d300000|  0%| F|  |TAMS 0x000000008d200000, 0x000000008d200000| Untracked 
| 211|0x000000008d300000, 0x000000008d300000, 0x000000008d400000|  0%| F|  |TAMS 0x000000008d300000, 0x000000008d300000| Untracked 
| 212|0x000000008d400000, 0x000000008d400000, 0x000000008d500000|  0%| F|  |TAMS 0x000000008d400000, 0x000000008d400000| Untracked 
| 213|0x000000008d500000, 0x000000008d500000, 0x000000008d600000|  0%| F|  |TAMS 0x000000008d500000, 0x000000008d500000| Untracked 
| 214|0x000000008d600000, 0x000000008d600000, 0x000000008d700000|  0%| F|  |TAMS 0x000000008d600000, 0x000000008d600000| Untracked 
| 215|0x000000008d700000, 0x000000008d700000, 0x000000008d800000|  0%| F|  |TAMS 0x000000008d700000, 0x000000008d700000| Untracked 
| 216|0x000000008d800000, 0x000000008d800000, 0x000000008d900000|  0%| F|  |TAMS 0x000000008d800000, 0x000000008d800000| Untracked 
| 217|0x000000008d900000, 0x000000008d900000, 0x000000008da00000|  0%| F|  |TAMS 0x000000008d900000, 0x000000008d900000| Untracked 
| 218|0x000000008da00000, 0x000000008da00000, 0x000000008db00000|  0%| F|  |TAMS 0x000000008da00000, 0x000000008da00000| Untracked 
| 219|0x000000008db00000, 0x000000008db00000, 0x000000008dc00000|  0%| F|  |TAMS 0x000000008db00000, 0x000000008db00000| Untracked 
| 220|0x000000008dc00000, 0x000000008dc00000, 0x000000008dd00000|  0%| F|  |TAMS 0x000000008dc00000, 0x000000008dc00000| Untracked 
| 221|0x000000008dd00000, 0x000000008dd00000, 0x000000008de00000|  0%| F|  |TAMS 0x000000008dd00000, 0x000000008dd00000| Untracked 
| 222|0x000000008de00000, 0x000000008de00000, 0x000000008df00000|  0%| F|  |TAMS 0x000000008de00000, 0x000000008de00000| Untracked 
| 223|0x000000008df00000, 0x000000008df00000, 0x000000008e000000|  0%| F|  |TAMS 0x000000008df00000, 0x000000008df00000| Untracked 
| 224|0x000000008e000000, 0x000000008e000000, 0x000000008e100000|  0%| F|  |TAMS 0x000000008e000000, 0x000000008e000000| Untracked 
| 225|0x000000008e100000, 0x000000008e100000, 0x000000008e200000|  0%| F|  |TAMS 0x000000008e100000, 0x000000008e100000| Untracked 
| 226|0x000000008e200000, 0x000000008e200000, 0x000000008e300000|  0%| F|  |TAMS 0x000000008e200000, 0x000000008e200000| Untracked 
| 227|0x000000008e300000, 0x000000008e300000, 0x000000008e400000|  0%| F|  |TAMS 0x000000008e300000, 0x000000008e300000| Untracked 
| 228|0x000000008e400000, 0x000000008e400000, 0x000000008e500000|  0%| F|  |TAMS 0x000000008e400000, 0x000000008e400000| Untracked 
| 229|0x000000008e500000, 0x000000008e500000, 0x000000008e600000|  0%| F|  |TAMS 0x000000008e500000, 0x000000008e500000| Untracked 
| 230|0x000000008e600000, 0x000000008e600000, 0x000000008e700000|  0%| F|  |TAMS 0x000000008e600000, 0x000000008e600000| Untracked 
| 231|0x000000008e700000, 0x000000008e700000, 0x000000008e800000|  0%| F|  |TAMS 0x000000008e700000, 0x000000008e700000| Untracked 
| 232|0x000000008e800000, 0x000000008e800000, 0x000000008e900000|  0%| F|  |TAMS 0x000000008e800000, 0x000000008e800000| Untracked 
| 233|0x000000008e900000, 0x000000008e900000, 0x000000008ea00000|  0%| F|  |TAMS 0x000000008e900000, 0x000000008e900000| Untracked 
| 234|0x000000008ea00000, 0x000000008ea00000, 0x000000008eb00000|  0%| F|  |TAMS 0x000000008ea00000, 0x000000008ea00000| Untracked 
| 235|0x000000008eb00000, 0x000000008eb00000, 0x000000008ec00000|  0%| F|  |TAMS 0x000000008eb00000, 0x000000008eb00000| Untracked 
| 236|0x000000008ec00000, 0x000000008ec00000, 0x000000008ed00000|  0%| F|  |TAMS 0x000000008ec00000, 0x000000008ec00000| Untracked 
| 237|0x000000008ed00000, 0x000000008ed00000, 0x000000008ee00000|  0%| F|  |TAMS 0x000000008ed00000, 0x000000008ed00000| Untracked 
| 238|0x000000008ee00000, 0x000000008ee00000, 0x000000008ef00000|  0%| F|  |TAMS 0x000000008ee00000, 0x000000008ee00000| Untracked 
| 239|0x000000008ef00000, 0x000000008ef00000, 0x000000008f000000|  0%| F|  |TAMS 0x000000008ef00000, 0x000000008ef00000| Untracked 
| 240|0x000000008f000000, 0x000000008f000000, 0x000000008f100000|  0%| F|  |TAMS 0x000000008f000000, 0x000000008f000000| Untracked 
| 241|0x000000008f100000, 0x000000008f100000, 0x000000008f200000|  0%| F|  |TAMS 0x000000008f100000, 0x000000008f100000| Untracked 
| 242|0x000000008f200000, 0x000000008f200000, 0x000000008f300000|  0%| F|  |TAMS 0x000000008f200000, 0x000000008f200000| Untracked 
| 243|0x000000008f300000, 0x000000008f300000, 0x000000008f400000|  0%| F|  |TAMS 0x000000008f300000, 0x000000008f300000| Untracked 
| 244|0x000000008f400000, 0x000000008f400000, 0x000000008f500000|  0%| F|  |TAMS 0x000000008f400000, 0x000000008f400000| Untracked 
| 245|0x000000008f500000, 0x000000008f500000, 0x000000008f600000|  0%| F|  |TAMS 0x000000008f500000, 0x000000008f500000| Untracked 
| 246|0x000000008f600000, 0x000000008f600000, 0x000000008f700000|  0%| F|  |TAMS 0x000000008f600000, 0x000000008f600000| Untracked 
| 247|0x000000008f700000, 0x000000008f700000, 0x000000008f800000|  0%| F|  |TAMS 0x000000008f700000, 0x000000008f700000| Untracked 
| 248|0x000000008f800000, 0x000000008f800000, 0x000000008f900000|  0%| F|  |TAMS 0x000000008f800000, 0x000000008f800000| Untracked 
| 249|0x000000008f900000, 0x000000008f900000, 0x000000008fa00000|  0%| F|  |TAMS 0x000000008f900000, 0x000000008f900000| Untracked 
| 250|0x000000008fa00000, 0x000000008fa00000, 0x000000008fb00000|  0%| F|  |TAMS 0x000000008fa00000, 0x000000008fa00000| Untracked 
| 251|0x000000008fb00000, 0x000000008fb83ae0, 0x000000008fc00000| 51%| E|  |TAMS 0x000000008fb00000, 0x000000008fb00000| Complete 
| 252|0x000000008fc00000, 0x000000008fd00000, 0x000000008fd00000|100%| E|CS|TAMS 0x000000008fc00000, 0x000000008fc00000| Complete 
| 253|0x000000008fd00000, 0x000000008fe00000, 0x000000008fe00000|100%| E|CS|TAMS 0x000000008fd00000, 0x000000008fd00000| Complete 

Card table byte_map: [0x0000021e13480000,0x0000021e13880000] _byte_map_base: 0x0000021e13080000

Marking Bits (Prev, Next): (CMBitMap*) 0x0000021e7cd90a78, (CMBitMap*) 0x0000021e7cd90ab0
 Prev Bits: [0x0000021e13c80000, 0x0000021e15c80000)
 Next Bits: [0x0000021e15c80000, 0x0000021e17c80000)

Polling page: 0x0000021e00000000

Metaspace:

Usage:
  Non-class:     35.52 MB capacity,    34.92 MB ( 98%) used,   519.06 KB (  1%) free+waste,    95.94 KB ( <1%) overhead. 
      Class:      5.48 MB capacity,     5.14 MB ( 94%) used,   310.32 KB (  6%) free+waste,    46.06 KB ( <1%) overhead. 
       Both:     41.00 MB capacity,    40.06 MB ( 98%) used,   829.38 KB (  2%) free+waste,   142.00 KB ( <1%) overhead. 

Virtual space:
  Non-class space:       42.00 MB reserved,      35.65 MB ( 85%) committed 
      Class space:        1.00 GB reserved,       5.50 MB ( <1%) committed 
             Both:        1.04 GB reserved,      41.15 MB (  4%) committed 

Chunk freelists:
   Non-Class:  6.00 KB
       Class:  17.00 KB
        Both:  23.00 KB

MaxMetaspaceSize: 17179869184.00 GB
CompressedClassSpaceSize: 1.00 GB

CodeHeap 'non-profiled nmethods': size=120064Kb used=1767Kb max_used=1767Kb free=118296Kb
 bounds [0x0000021e0b500000, 0x0000021e0b770000, 0x0000021e12a40000]
CodeHeap 'profiled nmethods': size=120000Kb used=7998Kb max_used=7998Kb free=112001Kb
 bounds [0x0000021e03fd0000, 0x0000021e047a0000, 0x0000021e0b500000]
CodeHeap 'non-nmethods': size=5696Kb used=2200Kb max_used=2231Kb free=3495Kb
 bounds [0x0000021e03a40000, 0x0000021e03cb0000, 0x0000021e03fd0000]
 total_blobs=4460 nmethods=3698 adapters=673
 compilation: enabled
              stopped_count=0, restarted_count=0
 full_count=0

Compilation events (20 events):
Event: 23.540 Thread 0x0000021e1aba3800 3663       3       org.gradle.internal.reflect.JavaPropertyReflectionUtil::getAnnotation (101 bytes)
Event: 23.541 Thread 0x0000021e1aba3800 nmethod 3663 0x0000021e0476b890 code [0x0000021e0476bb60, 0x0000021e0476c818]
Event: 23.541 Thread 0x0000021e1aba3800 3666       3       org.gradle.internal.instantiation.generator.AbstractClassGenerator::access$2200 (5 bytes)
Event: 23.541 Thread 0x0000021e1aba3800 nmethod 3666 0x0000021e0476cd10 code [0x0000021e0476cec0, 0x0000021e0476cfc8]
Event: 23.541 Thread 0x0000021e1aba3800 3667       3       org.gradle.internal.instantiation.generator.AbstractClassGenerator::isNameProperty (44 bytes)
Event: 23.543 Thread 0x0000021e1aba3800 nmethod 3667 0x0000021e0476d090 code [0x0000021e0476d300, 0x0000021e0476dd98]
Event: 23.543 Thread 0x0000021e1aba3800 3661       3       org.gradle.internal.instantiation.generator.AbstractClassGenerator$MethodMetadata::<init> (15 bytes)
Event: 23.543 Thread 0x0000021e1aba3800 nmethod 3661 0x0000021e0476e110 code [0x0000021e0476e2c0, 0x0000021e0476e4d8]
Event: 23.543 Thread 0x0000021e1aba3800 3668       1       com.google.common.collect.LinkedHashMultimap$ValueEntry::setSuccessorInValueSet (6 bytes)
Event: 23.543 Thread 0x0000021e1aba3800 nmethod 3668 0x0000021e0b6b8990 code [0x0000021e0b6b8b40, 0x0000021e0b6b8c38]
Event: 23.543 Thread 0x0000021e1aba3800 3664       3       java.lang.reflect.Proxy::<init> (15 bytes)
Event: 23.543 Thread 0x0000021e1aba3800 nmethod 3664 0x0000021e0476e590 code [0x0000021e0476e760, 0x0000021e0476ea68]
Event: 23.543 Thread 0x0000021e1aba3800 3662       3       org.gradle.internal.instantiation.generator.AbstractClassGenerator$PropertyMetadata::<init> (65 bytes)
Event: 23.544 Thread 0x0000021e1aba3800 nmethod 3662 0x0000021e0476eb90 code [0x0000021e0476ee40, 0x0000021e0476fcf8]
Event: 23.544 Thread 0x0000021e1aba3800 3665   !   3       java.lang.reflect.Proxy::newProxyInstance (75 bytes)
Event: 23.544 Thread 0x0000021e1aba3800 nmethod 3665 0x0000021e04770090 code [0x0000021e04770340, 0x0000021e047710b8]
Event: 23.548 Thread 0x0000021e1aba3800 3669       3       org.gradle.internal.service.RelevantMethods::toServiceMethodList (61 bytes)
Event: 23.549 Thread 0x0000021e1aba3800 nmethod 3669 0x0000021e04771790 code [0x0000021e04771a20, 0x0000021e04772698]
Event: 23.549 Thread 0x0000021e1aba3800 3670       3       org.gradle.internal.service.DefaultServiceRegistry$InstanceUnpackingVisitor::visit (39 bytes)
Event: 23.549 Thread 0x0000021e1aba3800 nmethod 3670 0x0000021e04772b10 code [0x0000021e04772d20, 0x0000021e047732c8]

GC Heap History (14 events):
Event: 3.910 GC heap before
{Heap before GC invocations=0 (full 0):
 garbage-first heap   total 260096K, used 19456K [0x0000000080000000, 0x0000000100000000)
  region size 1024K, 14 young (14336K), 0 survivors (0K)
 Metaspace       used 6740K, capacity 6925K, committed 7168K, reserved 1056768K
  class space    used 582K, capacity 650K, committed 768K, reserved 1048576K
}
Event: 3.961 GC heap after
{Heap after GC invocations=1 (full 0):
 garbage-first heap   total 260096K, used 7891K [0x0000000080000000, 0x0000000100000000)
  region size 1024K, 2 young (2048K), 2 survivors (2048K)
 Metaspace       used 6740K, capacity 6925K, committed 7168K, reserved 1056768K
  class space    used 582K, capacity 650K, committed 768K, reserved 1048576K
}
Event: 4.913 GC heap before
{Heap before GC invocations=1 (full 0):
 garbage-first heap   total 260096K, used 19155K [0x0000000080000000, 0x0000000100000000)
  region size 1024K, 13 young (13312K), 2 survivors (2048K)
 Metaspace       used 9890K, capacity 10118K, committed 10368K, reserved 1058816K
  class space    used 1028K, capacity 1102K, committed 1152K, reserved 1048576K
}
Event: 4.916 GC heap after
{Heap after GC invocations=2 (full 0):
 garbage-first heap   total 260096K, used 9467K [0x0000000080000000, 0x0000000100000000)
  region size 1024K, 2 young (2048K), 2 survivors (2048K)
 Metaspace       used 9890K, capacity 10118K, committed 10368K, reserved 1058816K
  class space    used 1028K, capacity 1102K, committed 1152K, reserved 1048576K
}
Event: 7.951 GC heap before
{Heap before GC invocations=2 (full 0):
 garbage-first heap   total 260096K, used 40187K [0x0000000080000000, 0x0000000100000000)
  region size 1024K, 31 young (31744K), 2 survivors (2048K)
 Metaspace       used 10845K, capacity 11073K, committed 11264K, reserved 1058816K
  class space    used 1131K, capacity 1207K, committed 1280K, reserved 1048576K
}
Event: 7.953 GC heap after
{Heap after GC invocations=3 (full 0):
 garbage-first heap   total 260096K, used 12363K [0x0000000080000000, 0x0000000100000000)
  region size 1024K, 4 young (4096K), 4 survivors (4096K)
 Metaspace       used 10845K, capacity 11073K, committed 11264K, reserved 1058816K
  class space    used 1131K, capacity 1207K, committed 1280K, reserved 1048576K
}
Event: 17.118 GC heap before
{Heap before GC invocations=3 (full 0):
 garbage-first heap   total 260096K, used 60491K [0x0000000080000000, 0x0000000100000000)
  region size 1024K, 51 young (52224K), 4 survivors (4096K)
 Metaspace       used 18506K, capacity 18932K, committed 19072K, reserved 1067008K
  class space    used 2201K, capacity 2318K, committed 2432K, reserved 1048576K
}
Event: 17.124 GC heap after
{Heap after GC invocations=4 (full 0):
 garbage-first heap   total 260096K, used 16875K [0x0000000080000000, 0x0000000100000000)
  region size 1024K, 7 young (7168K), 7 survivors (7168K)
 Metaspace       used 18506K, capacity 18932K, committed 19072K, reserved 1067008K
  class space    used 2201K, capacity 2318K, committed 2432K, reserved 1048576K
}
Event: 18.920 GC heap before
{Heap before GC invocations=4 (full 0):
 garbage-first heap   total 260096K, used 36331K [0x0000000080000000, 0x0000000100000000)
  region size 1024K, 27 young (27648K), 7 survivors (7168K)
 Metaspace       used 20693K, capacity 21099K, committed 21296K, reserved 1069056K
  class space    used 2529K, capacity 2657K, committed 2688K, reserved 1048576K
}
Event: 18.929 GC heap after
{Heap after GC invocations=5 (full 0):
 garbage-first heap   total 260096K, used 17128K [0x0000000080000000, 0x0000000100000000)
  region size 1024K, 5 young (5120K), 5 survivors (5120K)
 Metaspace       used 20693K, capacity 21099K, committed 21296K, reserved 1069056K
  class space    used 2529K, capacity 2657K, committed 2688K, reserved 1048576K
}
Event: 20.311 GC heap before
{Heap before GC invocations=6 (full 0):
 garbage-first heap   total 260096K, used 71400K [0x0000000080000000, 0x0000000100000000)
  region size 1024K, 58 young (59392K), 5 survivors (5120K)
 Metaspace       used 26157K, capacity 26698K, committed 27008K, reserved 1073152K
  class space    used 3410K, capacity 3615K, committed 3712K, reserved 1048576K
}
Event: 20.318 GC heap after
{Heap after GC invocations=7 (full 0):
 garbage-first heap   total 260096K, used 19305K [0x0000000080000000, 0x0000000100000000)
  region size 1024K, 3 young (3072K), 3 survivors (3072K)
 Metaspace       used 26157K, capacity 26698K, committed 27008K, reserved 1073152K
  class space    used 3410K, capacity 3615K, committed 3712K, reserved 1048576K
}
Event: 22.433 GC heap before
{Heap before GC invocations=7 (full 0):
 garbage-first heap   total 260096K, used 77673K [0x0000000080000000, 0x0000000100000000)
  region size 1024K, 61 young (62464K), 3 survivors (3072K)
 Metaspace       used 35099K, capacity 35918K, committed 36048K, reserved 1081344K
  class space    used 4556K, capacity 4863K, committed 4864K, reserved 1048576K
}
Event: 22.444 GC heap after
{Heap after GC invocations=8 (full 0):
 garbage-first heap   total 260096K, used 22672K [0x0000000080000000, 0x0000000100000000)
  region size 1024K, 7 young (7168K), 7 survivors (7168K)
 Metaspace       used 35099K, capacity 35918K, committed 36048K, reserved 1081344K
  class space    used 4556K, capacity 4863K, committed 4864K, reserved 1048576K
}

Deoptimization events (20 events):
Event: 23.205 Thread 0x0000021e1c402800 DEOPT PACKING pc=0x0000021e0b66a93c sp=0x000000a1dd2fe670
Event: 23.205 Thread 0x0000021e1c402800 DEOPT UNPACKING pc=0x0000021e03a6662f sp=0x000000a1dd2fe610 mode 2
Event: 23.317 Thread 0x0000021e1bb44800 Uncommon trap: trap_request=0xffffffbe fr.pc=0x0000021e0b66a93c relative=0x000000000000053c
Event: 23.317 Thread 0x0000021e1bb44800 Uncommon trap: reason=profile_predicate action=maybe_recompile pc=0x0000021e0b66a93c method=java.util.stream.ReferencePipeline.forEachWithCancel(Ljava/util/Spliterator;Ljava/util/stream/Sink;)Z @ 8 c2
Event: 23.317 Thread 0x0000021e1bb44800 DEOPT PACKING pc=0x0000021e0b66a93c sp=0x000000a1ddbf91b0
Event: 23.317 Thread 0x0000021e1bb44800 DEOPT UNPACKING pc=0x0000021e03a6662f sp=0x000000a1ddbf9150 mode 2
Event: 23.354 Thread 0x0000021e1bb44800 DEOPT PACKING pc=0x0000021e0467a9af sp=0x000000a1ddbf5660
Event: 23.354 Thread 0x0000021e1bb44800 DEOPT UNPACKING pc=0x0000021e03a66dde sp=0x000000a1ddbf4ae8 mode 0
Event: 23.498 Thread 0x0000021e1bb44800 Uncommon trap: trap_request=0xffffff4d fr.pc=0x0000021e0b640430 relative=0x0000000000000110
Event: 23.498 Thread 0x0000021e1bb44800 Uncommon trap: reason=unstable_if action=reinterpret pc=0x0000021e0b640430 method=java.util.Arrays.hashCode([Ljava/lang/Object;)I @ 34 c2
Event: 23.498 Thread 0x0000021e1bb44800 DEOPT PACKING pc=0x0000021e0b640430 sp=0x000000a1ddbf9520
Event: 23.498 Thread 0x0000021e1bb44800 DEOPT UNPACKING pc=0x0000021e03a6662f sp=0x000000a1ddbf9498 mode 2
Event: 23.499 Thread 0x0000021e1bb44800 Uncommon trap: trap_request=0xffffffde fr.pc=0x0000021e0b5fe75c relative=0x000000000000031c
Event: 23.499 Thread 0x0000021e1bb44800 Uncommon trap: reason=class_check action=maybe_recompile pc=0x0000021e0b5fe75c method=java.util.Collections$SetFromMap.remove(Ljava/lang/Object;)Z @ 5 c2
Event: 23.499 Thread 0x0000021e1bb44800 DEOPT PACKING pc=0x0000021e0b5fe75c sp=0x000000a1ddbfab50
Event: 23.499 Thread 0x0000021e1bb44800 DEOPT UNPACKING pc=0x0000021e03a6662f sp=0x000000a1ddbfab38 mode 2
Event: 23.499 Thread 0x0000021e1bb44800 Uncommon trap: trap_request=0xffffffde fr.pc=0x0000021e0b5fe75c relative=0x000000000000031c
Event: 23.499 Thread 0x0000021e1bb44800 Uncommon trap: reason=class_check action=maybe_recompile pc=0x0000021e0b5fe75c method=java.util.Collections$SetFromMap.remove(Ljava/lang/Object;)Z @ 5 c2
Event: 23.499 Thread 0x0000021e1bb44800 DEOPT PACKING pc=0x0000021e0b5fe75c sp=0x000000a1ddbfaae0
Event: 23.499 Thread 0x0000021e1bb44800 DEOPT UNPACKING pc=0x0000021e03a6662f sp=0x000000a1ddbfaac8 mode 2

Classes redefined (0 events):
No events

Internal exceptions (20 events):
Event: 23.257 Thread 0x0000021e1bb44800 Exception <a 'java/lang/NoSuchMethodError'{0x000000008c73be78}: 'void java.lang.invoke.DirectMethodHandle$Holder.invokeInterface(java.lang.Object, java.lang.Object)'> (0x000000008c73be78) thrown at [./src/hotspot/share/interpreter/linkResolver.cpp, line 773]
Event: 23.354 Thread 0x0000021e1bb44800 Exception <a 'java/lang/ClassNotFoundException'{0x000000008c53d378}: settings_9a6dig99bmuqfw5pgk22uowllBeanInfo> (0x000000008c53d378) thrown at [./src/hotspot/share/classfile/systemDictionary.cpp, line 231]
Event: 23.354 Thread 0x0000021e1bb44800 Exception <a 'java/lang/ClassNotFoundException'{0x000000008c548ae8}: settings_9a6dig99bmuqfw5pgk22uowllCustomizer> (0x000000008c548ae8) thrown at [./src/hotspot/share/classfile/systemDictionary.cpp, line 231]
Event: 23.374 Thread 0x0000021e1bb44800 Exception <a 'java/lang/ClassNotFoundException'{0x000000008c4710c8}: org/gradle/internal/management/DefaultDependencyResolutionManagement_DecoratedBeanInfo> (0x000000008c4710c8) thrown at [./src/hotspot/share/classfile/systemDictionary.cpp, line 231]
Event: 23.375 Thread 0x0000021e1bb44800 Exception <a 'java/lang/ClassNotFoundException'{0x000000008c4aa528}: org/gradle/internal/management/DefaultDependencyResolutionManagementBeanInfo> (0x000000008c4aa528) thrown at [./src/hotspot/share/classfile/systemDictionary.cpp, line 231]
Event: 23.376 Thread 0x0000021e1bb44800 Exception <a 'java/lang/ClassNotFoundException'{0x000000008c4e3e20}: org/gradle/internal/management/DefaultDependencyResolutionManagementCustomizer> (0x000000008c4e3e20) thrown at [./src/hotspot/share/classfile/systemDictionary.cpp, line 231]
Event: 23.381 Thread 0x0000021e1bb44800 Exception <a 'java/lang/ClassNotFoundException'{0x000000008c333558}: org/gradle/internal/management/DefaultDependencyResolutionManagement_DecoratedCustomizer> (0x000000008c333558) thrown at [./src/hotspot/share/classfile/systemDictionary.cpp, line 231]
Event: 23.398 Thread 0x0000021e1bb44800 Exception <a 'java/lang/ClassNotFoundException'{0x000000008c3beef8}: org/gradle/api/initialization/resolve/RepositoriesModeBeanInfo> (0x000000008c3beef8) thrown at [./src/hotspot/share/classfile/systemDictionary.cpp, line 231]
Event: 23.398 Thread 0x0000021e1bb44800 Exception <a 'java/lang/ClassNotFoundException'{0x000000008c3c3dc0}: java/lang/EnumBeanInfo> (0x000000008c3c3dc0) thrown at [./src/hotspot/share/classfile/systemDictionary.cpp, line 231]
Event: 23.398 Thread 0x0000021e1bb44800 Exception <a 'java/lang/ClassNotFoundException'{0x000000008c3c8ca8}: java/lang/EnumCustomizer> (0x000000008c3c8ca8) thrown at [./src/hotspot/share/classfile/systemDictionary.cpp, line 231]
Event: 23.400 Thread 0x0000021e1bb44800 Exception <a 'java/lang/ClassNotFoundException'{0x000000008c3f7588}: org/gradle/api/initialization/resolve/RepositoriesModeCustomizer> (0x000000008c3f7588) thrown at [./src/hotspot/share/classfile/systemDictionary.cpp, line 231]
Event: 23.408 Thread 0x0000021e1bb44800 Exception <a 'java/lang/ClassNotFoundException'{0x000000008c282358}: org/gradle/api/internal/provider/DefaultPropertyBeanInfo> (0x000000008c282358) thrown at [./src/hotspot/share/classfile/systemDictionary.cpp, line 231]
Event: 23.409 Thread 0x0000021e1bb44800 Exception <a 'java/lang/ClassNotFoundException'{0x000000008c2a85a0}: org/gradle/api/internal/provider/AbstractPropertyBeanInfo> (0x000000008c2a85a0) thrown at [./src/hotspot/share/classfile/systemDictionary.cpp, line 231]
Event: 23.410 Thread 0x0000021e1bb44800 Exception <a 'java/lang/ClassNotFoundException'{0x000000008c2d09c8}: org/gradle/api/internal/provider/AbstractMinimalProviderBeanInfo> (0x000000008c2d09c8) thrown at [./src/hotspot/share/classfile/systemDictionary.cpp, line 231]
Event: 23.411 Thread 0x0000021e1bb44800 Exception <a 'java/lang/ClassNotFoundException'{0x000000008c2f9868}: org/gradle/api/internal/provider/AbstractMinimalProviderCustomizer> (0x000000008c2f9868) thrown at [./src/hotspot/share/classfile/systemDictionary.cpp, line 231]
Event: 23.414 Thread 0x0000021e1bb44800 Exception <a 'java/lang/ClassNotFoundException'{0x000000008c15a3e8}: org/gradle/api/internal/provider/AbstractPropertyCustomizer> (0x000000008c15a3e8) thrown at [./src/hotspot/share/classfile/systemDictionary.cpp, line 231]
Event: 23.416 Thread 0x0000021e1bb44800 Exception <a 'java/lang/ClassNotFoundException'{0x000000008c18cf80}: org/gradle/api/internal/provider/DefaultPropertyCustomizer> (0x000000008c18cf80) thrown at [./src/hotspot/share/classfile/systemDictionary.cpp, line 231]
Event: 23.493 Thread 0x0000021e1bb44800 Exception <a 'java/lang/ClassNotFoundException'{0x000000008b87f0e8}: org/gradle/initialization/DefaultProjectDescriptorBeanInfo> (0x000000008b87f0e8) thrown at [./src/hotspot/share/classfile/systemDictionary.cpp, line 231]
Event: 23.494 Thread 0x0000021e1bb44800 Exception <a 'java/lang/ClassNotFoundException'{0x000000008b8a5388}: org/gradle/initialization/DefaultProjectDescriptorCustomizer> (0x000000008b8a5388) thrown at [./src/hotspot/share/classfile/systemDictionary.cpp, line 231]
Event: 23.498 Thread 0x0000021e1bb44800 Implicit null exception at 0x0000021e0b64036c to 0x0000021e0b640414

Events (20 events):
Event: 23.560 loading class org/gradle/jvm/toolchain/install/internal/AdoptOpenJdkDownloader
Event: 23.560 loading class org/gradle/jvm/toolchain/install/internal/AdoptOpenJdkDownloader done
Event: 23.561 loading class java/nio/file/AtomicMoveNotSupportedException
Event: 23.561 loading class java/nio/file/AtomicMoveNotSupportedException done
Event: 23.561 loading class org/gradle/jvm/toolchain/install/internal/AdoptOpenJdkDownloader$1
Event: 23.561 loading class org/gradle/jvm/toolchain/install/internal/AdoptOpenJdkDownloader$1 done
Event: 23.562 loading class org/gradle/jvm/toolchain/internal/JavaToolchainQueryService
Event: 23.562 loading class org/gradle/jvm/toolchain/internal/JavaToolchainQueryService done
Event: 23.563 loading class org/gradle/jvm/toolchain/internal/NoToolchainAvailableException
Event: 23.563 loading class org/gradle/jvm/toolchain/internal/NoToolchainAvailableException done
Event: 23.564 loading class org/gradle/jvm/toolchain/internal/DefaultJavaToolchainService
Event: 23.564 loading class org/gradle/jvm/toolchain/internal/DefaultJavaToolchainService done
Event: 23.564 loading class org/gradle/jvm/toolchain/JavaToolchainService
Event: 23.564 loading class org/gradle/jvm/toolchain/JavaToolchainService done
Event: 23.565 loading class org/gradle/jvm/toolchain/JavaToolchainSpec
Event: 23.565 loading class org/gradle/jvm/toolchain/JavaToolchainSpec done
Event: 23.565 loading class org/gradle/api/plugins/internal/PluginAuthorServices$ProjectScopeServices
Event: 23.565 loading class org/gradle/api/plugins/internal/PluginAuthorServices$ProjectScopeServices done
Event: 23.566 loading class org/gradle/api/plugins/jvm/internal/JvmPluginServices
Event: 23.566 loading class org/gradle/api/plugins/jvm/internal/JvmPluginServices done


Dynamic libraries:
0x00007ff734850000 - 0x00007ff73485a000 	G:\Program Files\Android\Android Studio\jre\bin\java.exe
0x00007ff9da0d0000 - 0x00007ff9da2c5000 	C:\WINDOWS\SYSTEM32\ntdll.dll
0x00007ff9d9a70000 - 0x00007ff9d9b2e000 	C:\WINDOWS\System32\KERNEL32.DLL
0x00007ff9d7e50000 - 0x00007ff9d8118000 	C:\WINDOWS\System32\KERNELBASE.dll
0x00007ff9d7ae0000 - 0x00007ff9d7be0000 	C:\WINDOWS\System32\ucrtbase.dll
0x00007ff9a5c70000 - 0x00007ff9a5c89000 	G:\Program Files\Android\Android Studio\jre\bin\jli.dll
0x00007ff9d8a10000 - 0x00007ff9d8bb0000 	C:\WINDOWS\System32\USER32.dll
0x00007ff9d7d90000 - 0x00007ff9d7db2000 	C:\WINDOWS\System32\win32u.dll
0x00007ff9d9dd0000 - 0x00007ff9d9dfb000 	C:\WINDOWS\System32\GDI32.dll
0x00007ff9d7c80000 - 0x00007ff9d7d8d000 	C:\WINDOWS\System32\gdi32full.dll
0x00007ff9d7a40000 - 0x00007ff9d7add000 	C:\WINDOWS\System32\msvcp_win.dll
0x00007ff9abe40000 - 0x00007ff9abe57000 	G:\Program Files\Android\Android Studio\jre\bin\VCRUNTIME140.dll
0x00007ff9cd210000 - 0x00007ff9cd4aa000 	C:\WINDOWS\WinSxS\amd64_microsoft.windows.common-controls_6595b64144ccf1df_6.0.19041.1110_none_60b5254171f9507e\COMCTL32.dll
0x00007ff9d9e00000 - 0x00007ff9d9e9e000 	C:\WINDOWS\System32\msvcrt.dll
0x00007ff9d9f90000 - 0x00007ff9d9fc0000 	C:\WINDOWS\System32\IMM32.DLL
0x00007ff99e2f0000 - 0x00007ff99e38d000 	G:\Program Files\Android\Android Studio\jre\bin\msvcp140.dll
0x00007ff96c110000 - 0x00007ff96cbe5000 	G:\Program Files\Android\Android Studio\jre\bin\server\jvm.dll
0x00007ff9d8700000 - 0x00007ff9d87ae000 	C:\WINDOWS\System32\ADVAPI32.dll
0x00007ff9d82a0000 - 0x00007ff9d833c000 	C:\WINDOWS\System32\sechost.dll
0x00007ff9d88e0000 - 0x00007ff9d8a05000 	C:\WINDOWS\System32\RPCRT4.dll
0x00007ff9d8c70000 - 0x00007ff9d8c78000 	C:\WINDOWS\System32\PSAPI.DLL
0x00007ff9c2e30000 - 0x00007ff9c2e39000 	C:\WINDOWS\SYSTEM32\WSOCK32.dll
0x00007ff9d9ea0000 - 0x00007ff9d9f0b000 	C:\WINDOWS\System32\WS2_32.dll
0x00007ff9cd1a0000 - 0x00007ff9cd1c7000 	C:\WINDOWS\SYSTEM32\WINMM.dll
0x00007ff9d4e70000 - 0x00007ff9d4e7a000 	C:\WINDOWS\SYSTEM32\VERSION.dll
0x00007ff9d6050000 - 0x00007ff9d6062000 	C:\WINDOWS\SYSTEM32\kernel.appcore.dll
0x00007ff9d0390000 - 0x00007ff9d03a1000 	G:\Program Files\Android\Android Studio\jre\bin\verify.dll
0x00007ff9d5580000 - 0x00007ff9d5764000 	C:\WINDOWS\SYSTEM32\DBGHELP.DLL
0x00007ff9be8f0000 - 0x00007ff9be91c000 	C:\WINDOWS\SYSTEM32\dbgcore.DLL
0x00007ff9d7dc0000 - 0x00007ff9d7e42000 	C:\WINDOWS\System32\bcryptPrimitives.dll
0x00007ff9c4d30000 - 0x00007ff9c4d59000 	G:\Program Files\Android\Android Studio\jre\bin\java.dll
0x00007ff9d4360000 - 0x00007ff9d436b000 	G:\Program Files\Android\Android Studio\jre\bin\jimage.dll
0x00007ff9d0370000 - 0x00007ff9d0388000 	G:\Program Files\Android\Android Studio\jre\bin\zip.dll
0x00007ff9d9110000 - 0x00007ff9d9854000 	C:\WINDOWS\System32\SHELL32.dll
0x00007ff9d58b0000 - 0x00007ff9d6044000 	C:\WINDOWS\SYSTEM32\windows.storage.dll
0x00007ff9d8340000 - 0x00007ff9d8695000 	C:\WINDOWS\System32\combase.dll
0x00007ff9d7230000 - 0x00007ff9d725e000 	C:\WINDOWS\SYSTEM32\Wldp.dll
0x00007ff9d8bb0000 - 0x00007ff9d8c5d000 	C:\WINDOWS\System32\SHCORE.dll
0x00007ff9d9f10000 - 0x00007ff9d9f65000 	C:\WINDOWS\System32\shlwapi.dll
0x00007ff9d7720000 - 0x00007ff9d773f000 	C:\WINDOWS\SYSTEM32\profapi.dll
0x00007ff9cf4e0000 - 0x00007ff9cf4fa000 	G:\Program Files\Android\Android Studio\jre\bin\net.dll
0x00007ff9d0090000 - 0x00007ff9d019c000 	C:\WINDOWS\SYSTEM32\WINHTTP.dll
0x00007ff9d6f20000 - 0x00007ff9d6f8a000 	C:\WINDOWS\system32\mswsock.dll
0x00007ff9c4c10000 - 0x00007ff9c4c24000 	G:\Program Files\Android\Android Studio\jre\bin\nio.dll
0x00007ff9bced0000 - 0x00007ff9bcef7000 	C:\Users\admin\.gradle\native\e1d6ef7f7dcc3fd88c89a11ec53ec762bb8ba0a96d01ffa2cd45eb1d1d8dd5c5\windows-amd64\native-platform.dll
0x00007ff993bd0000 - 0x00007ff993d14000 	C:\Users\admin\.gradle\native\5664cfc778a61ccfe75a443a1ab52a65af34e5dc3c78e0209fed803814484fcb\windows-amd64\native-platform-file-events.dll
0x00007ff9d0630000 - 0x00007ff9d063a000 	G:\Program Files\Android\Android Studio\jre\bin\management.dll
0x00007ff9d03f0000 - 0x00007ff9d03fd000 	G:\Program Files\Android\Android Studio\jre\bin\management_ext.dll
0x00007ff9d7180000 - 0x00007ff9d7198000 	C:\WINDOWS\SYSTEM32\CRYPTSP.dll
0x00007ff9d6840000 - 0x00007ff9d6874000 	C:\WINDOWS\system32\rsaenh.dll
0x00007ff9d7be0000 - 0x00007ff9d7c07000 	C:\WINDOWS\System32\bcrypt.dll
0x00007ff9d76e0000 - 0x00007ff9d770e000 	C:\WINDOWS\SYSTEM32\USERENV.dll
0x00007ff9d71a0000 - 0x00007ff9d71ac000 	C:\WINDOWS\SYSTEM32\CRYPTBASE.dll
0x00007ff9d6bb0000 - 0x00007ff9d6beb000 	C:\WINDOWS\SYSTEM32\IPHLPAPI.DLL
0x00007ff9d8c60000 - 0x00007ff9d8c68000 	C:\WINDOWS\System32\NSI.dll
0x00007ff9d0dc0000 - 0x00007ff9d0dd7000 	C:\WINDOWS\SYSTEM32\dhcpcsvc6.DLL
0x00007ff9d0da0000 - 0x00007ff9d0dbd000 	C:\WINDOWS\SYSTEM32\dhcpcsvc.DLL
0x00007ff9d6c40000 - 0x00007ff9d6d0b000 	C:\WINDOWS\SYSTEM32\DNSAPI.dll

dbghelp: loaded successfully - version: 4.0.5 - missing functions: none
symbol engine: initialized successfully - sym options: 0x614 - pdb path: .;G:\Program Files\Android\Android Studio\jre\bin;C:\WINDOWS\SYSTEM32;C:\WINDOWS\WinSxS\amd64_microsoft.windows.common-controls_6595b64144ccf1df_6.0.19041.1110_none_60b5254171f9507e;G:\Program Files\Android\Android Studio\jre\bin\server;C:\Users\admin\.gradle\native\e1d6ef7f7dcc3fd88c89a11ec53ec762bb8ba0a96d01ffa2cd45eb1d1d8dd5c5\windows-amd64;C:\Users\admin\.gradle\native\5664cfc778a61ccfe75a443a1ab52a65af34e5dc3c78e0209fed803814484fcb\windows-amd64

VM Arguments:
jvm_args: --add-opens=java.base/java.util=ALL-UNNAMED --add-opens=java.base/java.lang=ALL-UNNAMED --add-opens=java.base/java.lang.invoke=ALL-UNNAMED --add-opens=java.base/java.util=ALL-UNNAMED --add-opens=java.prefs/java.util.prefs=ALL-UNNAMED --add-opens=java.prefs/java.util.prefs=ALL-UNNAMED --add-opens=java.base/java.nio.charset=ALL-UNNAMED --add-opens=java.base/java.net=ALL-UNNAMED --add-opens=java.base/java.util.concurrent.atomic=ALL-UNNAMED -Xmx2048m -Dfile.encoding=UTF-8 -Duser.country=US -Duser.language=en -Duser.variant 
java_command: org.gradle.launcher.daemon.bootstrap.GradleDaemon 7.2
java_class_path (initial): C:\Users\admin\.gradle\wrapper\dists\gradle-7.2-bin\2dnblmf4td7x66yl1d74lt32g\gradle-7.2\lib\gradle-launcher-7.2.jar
Launcher Type: SUN_STANDARD

[Global flags]
     intx CICompilerCount                          = 3                                         {product} {ergonomic}
     uint ConcGCThreads                            = 1                                         {product} {ergonomic}
     uint G1ConcRefinementThreads                  = 4                                         {product} {ergonomic}
   size_t G1HeapRegionSize                         = 1048576                                   {product} {ergonomic}
    uintx GCDrainStackTargetSize                   = 64                                        {product} {ergonomic}
   size_t InitialHeapSize                          = 266338304                                 {product} {ergonomic}
   size_t MarkStackSize                            = 4194304                                   {product} {ergonomic}
   size_t MaxHeapSize                              = 2147483648                                {product} {command line}
   size_t MaxNewSize                               = 1287651328                                {product} {ergonomic}
   size_t MinHeapDeltaBytes                        = 1048576                                   {product} {ergonomic}
    uintx NonNMethodCodeHeapSize                   = 5830732                                {pd product} {ergonomic}
    uintx NonProfiledCodeHeapSize                  = 122913754                              {pd product} {ergonomic}
    uintx ProfiledCodeHeapSize                     = 122913754                              {pd product} {ergonomic}
    uintx ReservedCodeCacheSize                    = 251658240                              {pd product} {ergonomic}
     bool SegmentedCodeCache                       = true                                      {product} {ergonomic}
     bool UseCompressedClassPointers               = true                                 {lp64_product} {ergonomic}
     bool UseCompressedOops                        = true                                 {lp64_product} {ergonomic}
     bool UseG1GC                                  = true                                      {product} {ergonomic}
     bool UseLargePagesIndividualAllocation        = false                                  {pd product} {ergonomic}

Logging:
Log output configuration:
 #0: stdout all=warning uptime,level,tags
 #1: stderr all=off uptime,level,tags

Environment Variables:
JAVA_HOME=E:\Program Files\Java\jre1.8.0_212
PATH=C:\Program Files (x86)\VMware\VMware Workstation\bin\;C:\Program Files (x86)\Intel\Intel(R) Management Engine Components\iCLS\;C:\Program Files\Intel\Intel(R) Management Engine Components\iCLS\;C:\Program Files (x86)\Common Files\Oracle\Java\javapath;C:\ProgramData\Oracle\Java\javapath;C:\WINDOWS\system32;C:\WINDOWS;C:\WINDOWS\System32\Wbem;C:\WINDOWS\System32\WindowsPowerShell\v1.0\;E:\Program Files (x86)\Microsoft SQL Server\110\Tools\Binn\;C:\Program Files\Microsoft SQL Server\110\Tools\Binn\;C:\Program Files\Microsoft SQL Server\110\DTS\Binn\;E:\Program Files (x86)\Microsoft SQL Server\110\Tools\Binn\ManagementStudio\;E:\Program Files (x86)\Microsoft SQL Server\110\DTS\Binn\;C:\Program Files\Microsoft SQL Server\120\Tools\Binn\;C:\Program Files\Microsoft SQL Server\Client SDK\ODBC\110\Tools\Binn\;E:\Program Files (x86)\Microsoft SQL Server\120\Tools\Binn\;C:\Program Files\Microsoft SQL Server\120\DTS\Binn\;E:\Program Files (x86)\Microsoft SQL Server\120\Tools\Binn\ManagementStudio\;E:\Program Files (x86)\Microsoft SQL Server\120\DTS\Binn\;C:\WINDOWS\System32\OpenSSH\;C:\Program Files (x86)\Intel\Intel(R) Management Engine Components\DAL;C:\Program Files\Intel\Intel(R) Management Engine Components\DAL;C:\Program Files (x86)\Intel\Intel(R) Management Engine Components\IPT;C:\Program Files\Intel\Intel(R) Management Engine Components\IPT;C:\Program Files\dotnet\;C:\Program Files\Microsoft SQL Server\130\Tools\Binn\;G:\R\curl-7.62.0-win64-mingw\bin\;E:\Program Files\Java\jre1.8.0_212\bin;C:\Program Files\Intel\WiFi\bin\;C:\Program Files\Common Files\Intel\WirelessCommon\;G:\Program Files\Microsoft VS Code\bin;G:\Program Files\Git\cmd;C:\Program Files\MySQL\MySQL Shell 8.0\bin\;C:\Users\admin\AppData\Local\Programs\Python\Python37\Scripts\;C:\Users\admin\AppData\Local\Programs\Python\Python37\;C:\Users\admin\anaconda3;C:\Users\admin\anaconda3\Library\mingw-w64\bin;C:\Users\admin\anaconda3\Library\usr\bin;C:\Users\admin\anaconda3\Library\bin;C:\Users\admin\anaconda3\
USERNAME=admin
OS=Windows_NT
PROCESSOR_IDENTIFIER=Intel64 Family 6 Model 142 Stepping 9, GenuineIntel



---------------  S Y S T E M  ---------------

OS: Windows 10 , 64 bit Build 19041 (10.0.19041.1503)
OS uptime: 4 days 4:14 hours

CPU:total 4 (initial active 4) (2 cores per cpu, 2 threads per core) family 6 model 142 stepping 9 microcode 0xb4, cmov, cx8, fxsr, mmx, sse, sse2, sse3, ssse3, sse4.1, sse4.2, popcnt, avx, avx2, aes, clmul, erms, 3dnowpref, lzcnt, ht, tsc, tscinvbit, bmi1, bmi2, adx, fma

Memory: 4k page, system-wide physical 16185M (2293M free)
TotalPageFile size 25494M (AvailPageFile size 4M)
current process WorkingSet (physical memory assigned to process): 258M, peak: 258M
current process commit charge ("private bytes"): 432M, peak: 433M

vm_info: OpenJDK 64-Bit Server VM (11.0.11+9-b60-7590822) for windows-amd64 JRE (11.0.11+9-b60-7590822), built on Jul 29 2021 21:43:44 by "builder" with MS VC++ 14.0 (VS2015)

END.
